<?xml version="1.0" encoding="UTF-8"?>
<testsuite xmlns:xsi="http://www.w3.org/2001/XMLSchema-instance" xsi:noNamespaceSchemaLocation="https://maven.apache.org/surefire/maven-surefire-plugin/xsd/surefire-test-report-3.0.xsd" version="3.0" name="br.com.bicicletario.bicicletarioap.TestaBicicletarioApJUnit" time="8.273" tests="1" errors="0" skipped="0" failures="0">
  <properties>
    <property name="java.specification.version" value="23"/>
    <property name="sun.cpu.isalist" value="amd64"/>
    <property name="sun.jnu.encoding" value="UTF-8"/>
    <property name="sun.awt.enableExtraMouseButtons" value="true"/>
    <property name="java.class.path" value="C:\Users\Player14109423498\Documents\br.com.bicicletario_BicicletarioAp_jar_1.0-SNAPSHOT\br.com.bicicletario_BicicletarioAp_jar_1.0-SNAPSHOT2\target\test-classes;C:\Users\Player14109423498\Documents\br.com.bicicletario_BicicletarioAp_jar_1.0-SNAPSHOT\br.com.bicicletario_BicicletarioAp_jar_1.0-SNAPSHOT2\target\classes;C:\Users\Player14109423498\.m2\repository\org\hibernate\orm\hibernate-core\6.4.4.Final\hibernate-core-6.4.4.Final.jar;C:\Users\Player14109423498\.m2\repository\jakarta\transaction\jakarta.transaction-api\2.0.1\jakarta.transaction-api-2.0.1.jar;C:\Users\Player14109423498\.m2\repository\org\jboss\logging\jboss-logging\3.5.0.Final\jboss-logging-3.5.0.Final.jar;C:\Users\Player14109423498\.m2\repository\org\hibernate\common\hibernate-commons-annotations\6.0.6.Final\hibernate-commons-annotations-6.0.6.Final.jar;C:\Users\Player14109423498\.m2\repository\io\smallrye\jandex\3.1.2\jandex-3.1.2.jar;C:\Users\Player14109423498\.m2\repository\com\fasterxml\classmate\1.5.1\classmate-1.5.1.jar;C:\Users\Player14109423498\.m2\repository\net\bytebuddy\byte-buddy\1.14.11\byte-buddy-1.14.11.jar;C:\Users\Player14109423498\.m2\repository\jakarta\xml\bind\jakarta.xml.bind-api\4.0.0\jakarta.xml.bind-api-4.0.0.jar;C:\Users\Player14109423498\.m2\repository\jakarta\activation\jakarta.activation-api\2.1.0\jakarta.activation-api-2.1.0.jar;C:\Users\Player14109423498\.m2\repository\org\glassfish\jaxb\jaxb-runtime\4.0.2\jaxb-runtime-4.0.2.jar;C:\Users\Player14109423498\.m2\repository\org\glassfish\jaxb\jaxb-core\4.0.2\jaxb-core-4.0.2.jar;C:\Users\Player14109423498\.m2\repository\org\eclipse\angus\angus-activation\2.0.0\angus-activation-2.0.0.jar;C:\Users\Player14109423498\.m2\repository\org\glassfish\jaxb\txw2\4.0.2\txw2-4.0.2.jar;C:\Users\Player14109423498\.m2\repository\com\sun\istack\istack-commons-runtime\4.1.1\istack-commons-runtime-4.1.1.jar;C:\Users\Player14109423498\.m2\repository\jakarta\inject\jakarta.inject-api\2.0.1\jakarta.inject-api-2.0.1.jar;C:\Users\Player14109423498\.m2\repository\org\antlr\antlr4-runtime\4.13.0\antlr4-runtime-4.13.0.jar;C:\Users\Player14109423498\.m2\repository\jakarta\persistence\jakarta.persistence-api\3.1.0\jakarta.persistence-api-3.1.0.jar;C:\Users\Player14109423498\.m2\repository\com\mysql\mysql-connector-j\8.0.33\mysql-connector-j-8.0.33.jar;C:\Users\Player14109423498\.m2\repository\com\google\protobuf\protobuf-java\3.21.9\protobuf-java-3.21.9.jar;C:\Users\Player14109423498\.m2\repository\org\netbeans\external\AbsoluteLayout\RELEASE250\AbsoluteLayout-RELEASE250.jar;C:\Users\Player14109423498\.m2\repository\org\projectlombok\lombok\1.18.36\lombok-1.18.36.jar;C:\Users\Player14109423498\.m2\repository\com\fasterxml\jackson\core\jackson-core\2.16.1\jackson-core-2.16.1.jar;C:\Users\Player14109423498\.m2\repository\com\fasterxml\jackson\core\jackson-databind\2.16.1\jackson-databind-2.16.1.jar;C:\Users\Player14109423498\.m2\repository\com\fasterxml\jackson\core\jackson-annotations\2.16.1\jackson-annotations-2.16.1.jar;C:\Users\Player14109423498\.m2\repository\com\fasterxml\jackson\dataformat\jackson-dataformat-xml\2.16.1\jackson-dataformat-xml-2.16.1.jar;C:\Users\Player14109423498\.m2\repository\org\codehaus\woodstox\stax2-api\4.2.1\stax2-api-4.2.1.jar;C:\Users\Player14109423498\.m2\repository\com\fasterxml\woodstox\woodstox-core\6.5.1\woodstox-core-6.5.1.jar;C:\Users\Player14109423498\.m2\repository\cn\bee-cloud\beecloud-service-core\6.1.9b\beecloud-service-core-6.1.9b.jar;C:\Users\Player14109423498\.m2\repository\javax\servlet\javax.servlet-api\4.0.1\javax.servlet-api-4.0.1.jar;C:\Users\Player14109423498\.m2\repository\commons-fileupload\commons-fileupload\1.4\commons-fileupload-1.4.jar;C:\Users\Player14109423498\.m2\repository\commons-io\commons-io\2.2\commons-io-2.2.jar;C:\Users\Player14109423498\.m2\repository\org\elasticsearch\elasticsearch\7.6.2\elasticsearch-7.6.2.jar;C:\Users\Player14109423498\.m2\repository\org\elasticsearch\elasticsearch-core\7.6.2\elasticsearch-core-7.6.2.jar;C:\Users\Player14109423498\.m2\repository\org\elasticsearch\elasticsearch-secure-sm\7.6.2\elasticsearch-secure-sm-7.6.2.jar;C:\Users\Player14109423498\.m2\repository\org\elasticsearch\elasticsearch-x-content\7.6.2\elasticsearch-x-content-7.6.2.jar;C:\Users\Player14109423498\.m2\repository\org\yaml\snakeyaml\1.17\snakeyaml-1.17.jar;C:\Users\Player14109423498\.m2\repository\com\fasterxml\jackson\dataformat\jackson-dataformat-smile\2.8.11\jackson-dataformat-smile-2.8.11.jar;C:\Users\Player14109423498\.m2\repository\com\fasterxml\jackson\dataformat\jackson-dataformat-yaml\2.8.11\jackson-dataformat-yaml-2.8.11.jar;C:\Users\Player14109423498\.m2\repository\com\fasterxml\jackson\dataformat\jackson-dataformat-cbor\2.8.11\jackson-dataformat-cbor-2.8.11.jar;C:\Users\Player14109423498\.m2\repository\org\elasticsearch\elasticsearch-geo\7.6.2\elasticsearch-geo-7.6.2.jar;C:\Users\Player14109423498\.m2\repository\org\apache\lucene\lucene-core\8.4.0\lucene-core-8.4.0.jar;C:\Users\Player14109423498\.m2\repository\org\apache\lucene\lucene-analyzers-common\8.4.0\lucene-analyzers-common-8.4.0.jar;C:\Users\Player14109423498\.m2\repository\org\apache\lucene\lucene-backward-codecs\8.4.0\lucene-backward-codecs-8.4.0.jar;C:\Users\Player14109423498\.m2\repository\org\apache\lucene\lucene-grouping\8.4.0\lucene-grouping-8.4.0.jar;C:\Users\Player14109423498\.m2\repository\org\apache\lucene\lucene-highlighter\8.4.0\lucene-highlighter-8.4.0.jar;C:\Users\Player14109423498\.m2\repository\org\apache\lucene\lucene-join\8.4.0\lucene-join-8.4.0.jar;C:\Users\Player14109423498\.m2\repository\org\apache\lucene\lucene-memory\8.4.0\lucene-memory-8.4.0.jar;C:\Users\Player14109423498\.m2\repository\org\apache\lucene\lucene-misc\8.4.0\lucene-misc-8.4.0.jar;C:\Users\Player14109423498\.m2\repository\org\apache\lucene\lucene-queries\8.4.0\lucene-queries-8.4.0.jar;C:\Users\Player14109423498\.m2\repository\org\apache\lucene\lucene-queryparser\8.4.0\lucene-queryparser-8.4.0.jar;C:\Users\Player14109423498\.m2\repository\org\apache\lucene\lucene-sandbox\8.4.0\lucene-sandbox-8.4.0.jar;C:\Users\Player14109423498\.m2\repository\org\apache\lucene\lucene-spatial\8.4.0\lucene-spatial-8.4.0.jar;C:\Users\Player14109423498\.m2\repository\org\apache\lucene\lucene-spatial-extras\8.4.0\lucene-spatial-extras-8.4.0.jar;C:\Users\Player14109423498\.m2\repository\org\apache\lucene\lucene-spatial3d\8.4.0\lucene-spatial3d-8.4.0.jar;C:\Users\Player14109423498\.m2\repository\org\apache\lucene\lucene-suggest\8.4.0\lucene-suggest-8.4.0.jar;C:\Users\Player14109423498\.m2\repository\org\elasticsearch\elasticsearch-cli\7.6.2\elasticsearch-cli-7.6.2.jar;C:\Users\Player14109423498\.m2\repository\net\sf\jopt-simple\jopt-simple\5.0.2\jopt-simple-5.0.2.jar;C:\Users\Player14109423498\.m2\repository\com\carrotsearch\hppc\0.8.1\hppc-0.8.1.jar;C:\Users\Player14109423498\.m2\repository\joda-time\joda-time\2.10.4\joda-time-2.10.4.jar;C:\Users\Player14109423498\.m2\repository\com\tdunning\t-digest\3.2\t-digest-3.2.jar;C:\Users\Player14109423498\.m2\repository\org\hdrhistogram\HdrHistogram\2.1.9\HdrHistogram-2.1.9.jar;C:\Users\Player14109423498\.m2\repository\org\apache\logging\log4j\log4j-api\2.11.1\log4j-api-2.11.1.jar;C:\Users\Player14109423498\.m2\repository\org\elasticsearch\jna\4.5.1\jna-4.5.1.jar;C:\Users\Player14109423498\.m2\repository\org\elasticsearch\client\elasticsearch-rest-client\7.6.2\elasticsearch-rest-client-7.6.2.jar;C:\Users\Player14109423498\.m2\repository\org\apache\httpcomponents\httpclient\4.5.10\httpclient-4.5.10.jar;C:\Users\Player14109423498\.m2\repository\org\apache\httpcomponents\httpcore\4.4.12\httpcore-4.4.12.jar;C:\Users\Player14109423498\.m2\repository\org\apache\httpcomponents\httpasyncclient\4.1.4\httpasyncclient-4.1.4.jar;C:\Users\Player14109423498\.m2\repository\org\apache\httpcomponents\httpcore-nio\4.4.12\httpcore-nio-4.4.12.jar;C:\Users\Player14109423498\.m2\repository\commons-codec\commons-codec\1.11\commons-codec-1.11.jar;C:\Users\Player14109423498\.m2\repository\org\elasticsearch\client\elasticsearch-rest-high-level-client\7.6.2\elasticsearch-rest-high-level-client-7.6.2.jar;C:\Users\Player14109423498\.m2\repository\org\elasticsearch\plugin\mapper-extras-client\7.6.2\mapper-extras-client-7.6.2.jar;C:\Users\Player14109423498\.m2\repository\org\elasticsearch\plugin\parent-join-client\7.6.2\parent-join-client-7.6.2.jar;C:\Users\Player14109423498\.m2\repository\org\elasticsearch\plugin\aggs-matrix-stats-client\7.6.2\aggs-matrix-stats-client-7.6.2.jar;C:\Users\Player14109423498\.m2\repository\org\elasticsearch\plugin\rank-eval-client\7.6.2\rank-eval-client-7.6.2.jar;C:\Users\Player14109423498\.m2\repository\org\elasticsearch\plugin\lang-mustache-client\7.6.2\lang-mustache-client-7.6.2.jar;C:\Users\Player14109423498\.m2\repository\com\github\spullara\mustache\java\compiler\0.9.6\compiler-0.9.6.jar;C:\Users\Player14109423498\.m2\repository\org\springframework\spring-context\5.2.8.RELEASE\spring-context-5.2.8.RELEASE.jar;C:\Users\Player14109423498\.m2\repository\org\springframework\spring-aop\5.2.8.RELEASE\spring-aop-5.2.8.RELEASE.jar;C:\Users\Player14109423498\.m2\repository\org\springframework\spring-beans\5.2.8.RELEASE\spring-beans-5.2.8.RELEASE.jar;C:\Users\Player14109423498\.m2\repository\org\springframework\spring-core\5.2.8.RELEASE\spring-core-5.2.8.RELEASE.jar;C:\Users\Player14109423498\.m2\repository\org\springframework\spring-jcl\5.2.8.RELEASE\spring-jcl-5.2.8.RELEASE.jar;C:\Users\Player14109423498\.m2\repository\org\springframework\spring-expression\5.2.8.RELEASE\spring-expression-5.2.8.RELEASE.jar;C:\Users\Player14109423498\.m2\repository\cn\bee-cloud\beecloud-core\6.1.9b\beecloud-core-6.1.9b.jar;C:\Users\Player14109423498\.m2\repository\mysql\mysql-connector-java\8.0.21\mysql-connector-java-8.0.21.jar;C:\Users\Player14109423498\.m2\repository\org\xerial\sqlite-jdbc\3.31.1\sqlite-jdbc-3.31.1.jar;C:\Users\Player14109423498\.m2\repository\org\quartz-scheduler\quartz\2.3.2\quartz-2.3.2.jar;C:\Users\Player14109423498\.m2\repository\com\mchange\mchange-commons-java\0.2.15\mchange-commons-java-0.2.15.jar;C:\Users\Player14109423498\.m2\repository\org\dom4j\dom4j\2.1.3\dom4j-2.1.3.jar;C:\Users\Player14109423498\.m2\repository\org\zstacks\zbus\6.0.0\zbus-6.0.0.jar;C:\Users\Player14109423498\.m2\repository\com\alibaba\fastjson\1.1.41\fastjson-1.1.41.jar;C:\Users\Player14109423498\.m2\repository\org\zstacks\znet\6.0.0\znet-6.0.0.jar;C:\Users\Player14109423498\.m2\repository\com\alibaba\druid\1.2.8\druid-1.2.8.jar;C:\Users\Player14109423498\.m2\repository\javax\annotation\javax.annotation-api\1.3.2\javax.annotation-api-1.3.2.jar;C:\Users\Player14109423498\.m2\repository\org\postgresql\postgresql\42.2.14\postgresql-42.2.14.jar;C:\Users\Player14109423498\.m2\repository\org\aspectj\aspectjrt\1.9.6\aspectjrt-1.9.6.jar;C:\Users\Player14109423498\.m2\repository\redis\clients\jedis\3.7.0\jedis-3.7.0.jar;C:\Users\Player14109423498\.m2\repository\org\apache\commons\commons-pool2\2.10.0\commons-pool2-2.10.0.jar;C:\Users\Player14109423498\.m2\repository\cn\bee-cloud\beecloud-tool\6.1.9b\beecloud-tool-6.1.9b.jar;C:\Users\Player14109423498\.m2\repository\org\junit\jupiter\junit-jupiter-api\5.6.2\junit-jupiter-api-5.6.2.jar;C:\Users\Player14109423498\.m2\repository\org\apiguardian\apiguardian-api\1.1.0\apiguardian-api-1.1.0.jar;C:\Users\Player14109423498\.m2\repository\org\opentest4j\opentest4j\1.2.0\opentest4j-1.2.0.jar;C:\Users\Player14109423498\.m2\repository\org\junit\platform\junit-platform-commons\1.6.2\junit-platform-commons-1.6.2.jar;C:\Users\Player14109423498\.m2\repository\commons-logging\commons-logging\1.2\commons-logging-1.2.jar;C:\Users\Player14109423498\.m2\repository\javax\mail\javax.mail-api\1.6.2\javax.mail-api-1.6.2.jar;C:\Users\Player14109423498\.m2\repository\commons-net\commons-net\3.8.0\commons-net-3.8.0.jar;C:\Users\Player14109423498\.m2\repository\de\congrace\exp4j\0.3.11\exp4j-0.3.11.jar;C:\Users\Player14109423498\.m2\repository\org\apache\httpcomponents\httpmime\4.5.12\httpmime-4.5.12.jar;C:\Users\Player14109423498\.m2\repository\com\googlecode\aviator\aviator\5.3.0\aviator-5.3.0.jar;C:\Users\Player14109423498\.m2\repository\org\apache\ant\ant\1.10.12\ant-1.10.12.jar;C:\Users\Player14109423498\.m2\repository\org\apache\ant\ant-launcher\1.10.12\ant-launcher-1.10.12.jar;C:\Users\Player14109423498\.m2\repository\com\belerweb\pinyin4j\2.5.1\pinyin4j-2.5.1.jar;C:\Users\Player14109423498\.m2\repository\net\iharder\base64\2.3.9\base64-2.3.9.jar;C:\Users\Player14109423498\.m2\repository\org\fusesource\sigar\1.6.4\sigar-1.6.4.jar;C:\Users\Player14109423498\.m2\repository\log4j\log4j\1.2.15\log4j-1.2.15.jar;C:\Users\Player14109423498\.m2\repository\com\github\hazendaz\htmlcompressor\1.7.3\htmlcompressor-1.7.3.jar;C:\Users\Player14109423498\.m2\repository\com\yahoo\platform\yui\yuicompressor\2.4.8\yuicompressor-2.4.8.jar;C:\Users\Player14109423498\.m2\repository\cn\hutool\hutool-all\5.7.13\hutool-all-5.7.13.jar;C:\Users\Player14109423498\.m2\repository\org\slf4j\slf4j-api\2.0.13\slf4j-api-2.0.13.jar;C:\Users\Player14109423498\.m2\repository\ch\qos\logback\logback-classic\1.5.6\logback-classic-1.5.6.jar;C:\Users\Player14109423498\.m2\repository\ch\qos\logback\logback-core\1.5.6\logback-core-1.5.6.jar;"/>
    <property name="java.vm.vendor" value="Azul Systems, Inc."/>
    <property name="sun.arch.data.model" value="64"/>
    <property name="user.variant" value=""/>
    <property name="java.vendor.url" value="http://www.azul.com/"/>
    <property name="user.timezone" value="America/Sao_Paulo"/>
    <property name="os.name" value="Windows 10"/>
    <property name="java.vm.specification.version" value="23"/>
    <property name="user.country" value="BR"/>
    <property name="sun.java.launcher" value="SUN_STANDARD"/>
    <property name="sun.boot.library.path" value="C:\Program Files\Apache NetBeans\jdk\bin"/>
    <property name="sun.java.command" value="C:\Users\Player14109423498\AppData\Local\Temp\surefire1692011717572580997\surefirebooter-20250629100634147_3.jar C:\Users\Player14109423498\AppData\Local\Temp\surefire1692011717572580997 2025-06-29T10-06-33_793-jvmRun1 surefire-20250629100634147_1tmp surefire_0-20250629100634147_2tmp"/>
    <property name="jdk.debug" value="release"/>
    <property name="surefire.test.class.path" value="C:\Users\Player14109423498\Documents\br.com.bicicletario_BicicletarioAp_jar_1.0-SNAPSHOT\br.com.bicicletario_BicicletarioAp_jar_1.0-SNAPSHOT2\target\test-classes;C:\Users\Player14109423498\Documents\br.com.bicicletario_BicicletarioAp_jar_1.0-SNAPSHOT\br.com.bicicletario_BicicletarioAp_jar_1.0-SNAPSHOT2\target\classes;C:\Users\Player14109423498\.m2\repository\org\hibernate\orm\hibernate-core\6.4.4.Final\hibernate-core-6.4.4.Final.jar;C:\Users\Player14109423498\.m2\repository\jakarta\transaction\jakarta.transaction-api\2.0.1\jakarta.transaction-api-2.0.1.jar;C:\Users\Player14109423498\.m2\repository\org\jboss\logging\jboss-logging\3.5.0.Final\jboss-logging-3.5.0.Final.jar;C:\Users\Player14109423498\.m2\repository\org\hibernate\common\hibernate-commons-annotations\6.0.6.Final\hibernate-commons-annotations-6.0.6.Final.jar;C:\Users\Player14109423498\.m2\repository\io\smallrye\jandex\3.1.2\jandex-3.1.2.jar;C:\Users\Player14109423498\.m2\repository\com\fasterxml\classmate\1.5.1\classmate-1.5.1.jar;C:\Users\Player14109423498\.m2\repository\net\bytebuddy\byte-buddy\1.14.11\byte-buddy-1.14.11.jar;C:\Users\Player14109423498\.m2\repository\jakarta\xml\bind\jakarta.xml.bind-api\4.0.0\jakarta.xml.bind-api-4.0.0.jar;C:\Users\Player14109423498\.m2\repository\jakarta\activation\jakarta.activation-api\2.1.0\jakarta.activation-api-2.1.0.jar;C:\Users\Player14109423498\.m2\repository\org\glassfish\jaxb\jaxb-runtime\4.0.2\jaxb-runtime-4.0.2.jar;C:\Users\Player14109423498\.m2\repository\org\glassfish\jaxb\jaxb-core\4.0.2\jaxb-core-4.0.2.jar;C:\Users\Player14109423498\.m2\repository\org\eclipse\angus\angus-activation\2.0.0\angus-activation-2.0.0.jar;C:\Users\Player14109423498\.m2\repository\org\glassfish\jaxb\txw2\4.0.2\txw2-4.0.2.jar;C:\Users\Player14109423498\.m2\repository\com\sun\istack\istack-commons-runtime\4.1.1\istack-commons-runtime-4.1.1.jar;C:\Users\Player14109423498\.m2\repository\jakarta\inject\jakarta.inject-api\2.0.1\jakarta.inject-api-2.0.1.jar;C:\Users\Player14109423498\.m2\repository\org\antlr\antlr4-runtime\4.13.0\antlr4-runtime-4.13.0.jar;C:\Users\Player14109423498\.m2\repository\jakarta\persistence\jakarta.persistence-api\3.1.0\jakarta.persistence-api-3.1.0.jar;C:\Users\Player14109423498\.m2\repository\com\mysql\mysql-connector-j\8.0.33\mysql-connector-j-8.0.33.jar;C:\Users\Player14109423498\.m2\repository\com\google\protobuf\protobuf-java\3.21.9\protobuf-java-3.21.9.jar;C:\Users\Player14109423498\.m2\repository\org\netbeans\external\AbsoluteLayout\RELEASE250\AbsoluteLayout-RELEASE250.jar;C:\Users\Player14109423498\.m2\repository\org\projectlombok\lombok\1.18.36\lombok-1.18.36.jar;C:\Users\Player14109423498\.m2\repository\com\fasterxml\jackson\core\jackson-core\2.16.1\jackson-core-2.16.1.jar;C:\Users\Player14109423498\.m2\repository\com\fasterxml\jackson\core\jackson-databind\2.16.1\jackson-databind-2.16.1.jar;C:\Users\Player14109423498\.m2\repository\com\fasterxml\jackson\core\jackson-annotations\2.16.1\jackson-annotations-2.16.1.jar;C:\Users\Player14109423498\.m2\repository\com\fasterxml\jackson\dataformat\jackson-dataformat-xml\2.16.1\jackson-dataformat-xml-2.16.1.jar;C:\Users\Player14109423498\.m2\repository\org\codehaus\woodstox\stax2-api\4.2.1\stax2-api-4.2.1.jar;C:\Users\Player14109423498\.m2\repository\com\fasterxml\woodstox\woodstox-core\6.5.1\woodstox-core-6.5.1.jar;C:\Users\Player14109423498\.m2\repository\cn\bee-cloud\beecloud-service-core\6.1.9b\beecloud-service-core-6.1.9b.jar;C:\Users\Player14109423498\.m2\repository\javax\servlet\javax.servlet-api\4.0.1\javax.servlet-api-4.0.1.jar;C:\Users\Player14109423498\.m2\repository\commons-fileupload\commons-fileupload\1.4\commons-fileupload-1.4.jar;C:\Users\Player14109423498\.m2\repository\commons-io\commons-io\2.2\commons-io-2.2.jar;C:\Users\Player14109423498\.m2\repository\org\elasticsearch\elasticsearch\7.6.2\elasticsearch-7.6.2.jar;C:\Users\Player14109423498\.m2\repository\org\elasticsearch\elasticsearch-core\7.6.2\elasticsearch-core-7.6.2.jar;C:\Users\Player14109423498\.m2\repository\org\elasticsearch\elasticsearch-secure-sm\7.6.2\elasticsearch-secure-sm-7.6.2.jar;C:\Users\Player14109423498\.m2\repository\org\elasticsearch\elasticsearch-x-content\7.6.2\elasticsearch-x-content-7.6.2.jar;C:\Users\Player14109423498\.m2\repository\org\yaml\snakeyaml\1.17\snakeyaml-1.17.jar;C:\Users\Player14109423498\.m2\repository\com\fasterxml\jackson\dataformat\jackson-dataformat-smile\2.8.11\jackson-dataformat-smile-2.8.11.jar;C:\Users\Player14109423498\.m2\repository\com\fasterxml\jackson\dataformat\jackson-dataformat-yaml\2.8.11\jackson-dataformat-yaml-2.8.11.jar;C:\Users\Player14109423498\.m2\repository\com\fasterxml\jackson\dataformat\jackson-dataformat-cbor\2.8.11\jackson-dataformat-cbor-2.8.11.jar;C:\Users\Player14109423498\.m2\repository\org\elasticsearch\elasticsearch-geo\7.6.2\elasticsearch-geo-7.6.2.jar;C:\Users\Player14109423498\.m2\repository\org\apache\lucene\lucene-core\8.4.0\lucene-core-8.4.0.jar;C:\Users\Player14109423498\.m2\repository\org\apache\lucene\lucene-analyzers-common\8.4.0\lucene-analyzers-common-8.4.0.jar;C:\Users\Player14109423498\.m2\repository\org\apache\lucene\lucene-backward-codecs\8.4.0\lucene-backward-codecs-8.4.0.jar;C:\Users\Player14109423498\.m2\repository\org\apache\lucene\lucene-grouping\8.4.0\lucene-grouping-8.4.0.jar;C:\Users\Player14109423498\.m2\repository\org\apache\lucene\lucene-highlighter\8.4.0\lucene-highlighter-8.4.0.jar;C:\Users\Player14109423498\.m2\repository\org\apache\lucene\lucene-join\8.4.0\lucene-join-8.4.0.jar;C:\Users\Player14109423498\.m2\repository\org\apache\lucene\lucene-memory\8.4.0\lucene-memory-8.4.0.jar;C:\Users\Player14109423498\.m2\repository\org\apache\lucene\lucene-misc\8.4.0\lucene-misc-8.4.0.jar;C:\Users\Player14109423498\.m2\repository\org\apache\lucene\lucene-queries\8.4.0\lucene-queries-8.4.0.jar;C:\Users\Player14109423498\.m2\repository\org\apache\lucene\lucene-queryparser\8.4.0\lucene-queryparser-8.4.0.jar;C:\Users\Player14109423498\.m2\repository\org\apache\lucene\lucene-sandbox\8.4.0\lucene-sandbox-8.4.0.jar;C:\Users\Player14109423498\.m2\repository\org\apache\lucene\lucene-spatial\8.4.0\lucene-spatial-8.4.0.jar;C:\Users\Player14109423498\.m2\repository\org\apache\lucene\lucene-spatial-extras\8.4.0\lucene-spatial-extras-8.4.0.jar;C:\Users\Player14109423498\.m2\repository\org\apache\lucene\lucene-spatial3d\8.4.0\lucene-spatial3d-8.4.0.jar;C:\Users\Player14109423498\.m2\repository\org\apache\lucene\lucene-suggest\8.4.0\lucene-suggest-8.4.0.jar;C:\Users\Player14109423498\.m2\repository\org\elasticsearch\elasticsearch-cli\7.6.2\elasticsearch-cli-7.6.2.jar;C:\Users\Player14109423498\.m2\repository\net\sf\jopt-simple\jopt-simple\5.0.2\jopt-simple-5.0.2.jar;C:\Users\Player14109423498\.m2\repository\com\carrotsearch\hppc\0.8.1\hppc-0.8.1.jar;C:\Users\Player14109423498\.m2\repository\joda-time\joda-time\2.10.4\joda-time-2.10.4.jar;C:\Users\Player14109423498\.m2\repository\com\tdunning\t-digest\3.2\t-digest-3.2.jar;C:\Users\Player14109423498\.m2\repository\org\hdrhistogram\HdrHistogram\2.1.9\HdrHistogram-2.1.9.jar;C:\Users\Player14109423498\.m2\repository\org\apache\logging\log4j\log4j-api\2.11.1\log4j-api-2.11.1.jar;C:\Users\Player14109423498\.m2\repository\org\elasticsearch\jna\4.5.1\jna-4.5.1.jar;C:\Users\Player14109423498\.m2\repository\org\elasticsearch\client\elasticsearch-rest-client\7.6.2\elasticsearch-rest-client-7.6.2.jar;C:\Users\Player14109423498\.m2\repository\org\apache\httpcomponents\httpclient\4.5.10\httpclient-4.5.10.jar;C:\Users\Player14109423498\.m2\repository\org\apache\httpcomponents\httpcore\4.4.12\httpcore-4.4.12.jar;C:\Users\Player14109423498\.m2\repository\org\apache\httpcomponents\httpasyncclient\4.1.4\httpasyncclient-4.1.4.jar;C:\Users\Player14109423498\.m2\repository\org\apache\httpcomponents\httpcore-nio\4.4.12\httpcore-nio-4.4.12.jar;C:\Users\Player14109423498\.m2\repository\commons-codec\commons-codec\1.11\commons-codec-1.11.jar;C:\Users\Player14109423498\.m2\repository\org\elasticsearch\client\elasticsearch-rest-high-level-client\7.6.2\elasticsearch-rest-high-level-client-7.6.2.jar;C:\Users\Player14109423498\.m2\repository\org\elasticsearch\plugin\mapper-extras-client\7.6.2\mapper-extras-client-7.6.2.jar;C:\Users\Player14109423498\.m2\repository\org\elasticsearch\plugin\parent-join-client\7.6.2\parent-join-client-7.6.2.jar;C:\Users\Player14109423498\.m2\repository\org\elasticsearch\plugin\aggs-matrix-stats-client\7.6.2\aggs-matrix-stats-client-7.6.2.jar;C:\Users\Player14109423498\.m2\repository\org\elasticsearch\plugin\rank-eval-client\7.6.2\rank-eval-client-7.6.2.jar;C:\Users\Player14109423498\.m2\repository\org\elasticsearch\plugin\lang-mustache-client\7.6.2\lang-mustache-client-7.6.2.jar;C:\Users\Player14109423498\.m2\repository\com\github\spullara\mustache\java\compiler\0.9.6\compiler-0.9.6.jar;C:\Users\Player14109423498\.m2\repository\org\springframework\spring-context\5.2.8.RELEASE\spring-context-5.2.8.RELEASE.jar;C:\Users\Player14109423498\.m2\repository\org\springframework\spring-aop\5.2.8.RELEASE\spring-aop-5.2.8.RELEASE.jar;C:\Users\Player14109423498\.m2\repository\org\springframework\spring-beans\5.2.8.RELEASE\spring-beans-5.2.8.RELEASE.jar;C:\Users\Player14109423498\.m2\repository\org\springframework\spring-core\5.2.8.RELEASE\spring-core-5.2.8.RELEASE.jar;C:\Users\Player14109423498\.m2\repository\org\springframework\spring-jcl\5.2.8.RELEASE\spring-jcl-5.2.8.RELEASE.jar;C:\Users\Player14109423498\.m2\repository\org\springframework\spring-expression\5.2.8.RELEASE\spring-expression-5.2.8.RELEASE.jar;C:\Users\Player14109423498\.m2\repository\cn\bee-cloud\beecloud-core\6.1.9b\beecloud-core-6.1.9b.jar;C:\Users\Player14109423498\.m2\repository\mysql\mysql-connector-java\8.0.21\mysql-connector-java-8.0.21.jar;C:\Users\Player14109423498\.m2\repository\org\xerial\sqlite-jdbc\3.31.1\sqlite-jdbc-3.31.1.jar;C:\Users\Player14109423498\.m2\repository\org\quartz-scheduler\quartz\2.3.2\quartz-2.3.2.jar;C:\Users\Player14109423498\.m2\repository\com\mchange\mchange-commons-java\0.2.15\mchange-commons-java-0.2.15.jar;C:\Users\Player14109423498\.m2\repository\org\dom4j\dom4j\2.1.3\dom4j-2.1.3.jar;C:\Users\Player14109423498\.m2\repository\org\zstacks\zbus\6.0.0\zbus-6.0.0.jar;C:\Users\Player14109423498\.m2\repository\com\alibaba\fastjson\1.1.41\fastjson-1.1.41.jar;C:\Users\Player14109423498\.m2\repository\org\zstacks\znet\6.0.0\znet-6.0.0.jar;C:\Users\Player14109423498\.m2\repository\com\alibaba\druid\1.2.8\druid-1.2.8.jar;C:\Users\Player14109423498\.m2\repository\javax\annotation\javax.annotation-api\1.3.2\javax.annotation-api-1.3.2.jar;C:\Users\Player14109423498\.m2\repository\org\postgresql\postgresql\42.2.14\postgresql-42.2.14.jar;C:\Users\Player14109423498\.m2\repository\org\aspectj\aspectjrt\1.9.6\aspectjrt-1.9.6.jar;C:\Users\Player14109423498\.m2\repository\redis\clients\jedis\3.7.0\jedis-3.7.0.jar;C:\Users\Player14109423498\.m2\repository\org\apache\commons\commons-pool2\2.10.0\commons-pool2-2.10.0.jar;C:\Users\Player14109423498\.m2\repository\cn\bee-cloud\beecloud-tool\6.1.9b\beecloud-tool-6.1.9b.jar;C:\Users\Player14109423498\.m2\repository\org\junit\jupiter\junit-jupiter-api\5.6.2\junit-jupiter-api-5.6.2.jar;C:\Users\Player14109423498\.m2\repository\org\apiguardian\apiguardian-api\1.1.0\apiguardian-api-1.1.0.jar;C:\Users\Player14109423498\.m2\repository\org\opentest4j\opentest4j\1.2.0\opentest4j-1.2.0.jar;C:\Users\Player14109423498\.m2\repository\org\junit\platform\junit-platform-commons\1.6.2\junit-platform-commons-1.6.2.jar;C:\Users\Player14109423498\.m2\repository\commons-logging\commons-logging\1.2\commons-logging-1.2.jar;C:\Users\Player14109423498\.m2\repository\javax\mail\javax.mail-api\1.6.2\javax.mail-api-1.6.2.jar;C:\Users\Player14109423498\.m2\repository\commons-net\commons-net\3.8.0\commons-net-3.8.0.jar;C:\Users\Player14109423498\.m2\repository\de\congrace\exp4j\0.3.11\exp4j-0.3.11.jar;C:\Users\Player14109423498\.m2\repository\org\apache\httpcomponents\httpmime\4.5.12\httpmime-4.5.12.jar;C:\Users\Player14109423498\.m2\repository\com\googlecode\aviator\aviator\5.3.0\aviator-5.3.0.jar;C:\Users\Player14109423498\.m2\repository\org\apache\ant\ant\1.10.12\ant-1.10.12.jar;C:\Users\Player14109423498\.m2\repository\org\apache\ant\ant-launcher\1.10.12\ant-launcher-1.10.12.jar;C:\Users\Player14109423498\.m2\repository\com\belerweb\pinyin4j\2.5.1\pinyin4j-2.5.1.jar;C:\Users\Player14109423498\.m2\repository\net\iharder\base64\2.3.9\base64-2.3.9.jar;C:\Users\Player14109423498\.m2\repository\org\fusesource\sigar\1.6.4\sigar-1.6.4.jar;C:\Users\Player14109423498\.m2\repository\log4j\log4j\1.2.15\log4j-1.2.15.jar;C:\Users\Player14109423498\.m2\repository\com\github\hazendaz\htmlcompressor\1.7.3\htmlcompressor-1.7.3.jar;C:\Users\Player14109423498\.m2\repository\com\yahoo\platform\yui\yuicompressor\2.4.8\yuicompressor-2.4.8.jar;C:\Users\Player14109423498\.m2\repository\cn\hutool\hutool-all\5.7.13\hutool-all-5.7.13.jar;C:\Users\Player14109423498\.m2\repository\org\slf4j\slf4j-api\2.0.13\slf4j-api-2.0.13.jar;C:\Users\Player14109423498\.m2\repository\ch\qos\logback\logback-classic\1.5.6\logback-classic-1.5.6.jar;C:\Users\Player14109423498\.m2\repository\ch\qos\logback\logback-core\1.5.6\logback-core-1.5.6.jar;"/>
    <property name="sun.cpu.endian" value="little"/>
    <property name="user.home" value="C:\Users\Player14109423498"/>
    <property name="user.language" value="pt"/>
    <property name="java.specification.vendor" value="Oracle Corporation"/>
    <property name="java.version.date" value="2025-01-21"/>
    <property name="java.home" value="C:\Program Files\Apache NetBeans\jdk"/>
    <property name="file.separator" value="\"/>
    <property name="basedir" value="C:\Users\Player14109423498\Documents\br.com.bicicletario_BicicletarioAp_jar_1.0-SNAPSHOT\br.com.bicicletario_BicicletarioAp_jar_1.0-SNAPSHOT2"/>
    <property name="java.vm.compressedOopsMode" value="32-bit"/>
    <property name="line.separator" value="&#10;"/>
    <property name="java.vm.specification.vendor" value="Oracle Corporation"/>
    <property name="java.specification.name" value="Java Platform API Specification"/>
    <property name="surefire.real.class.path" value="C:\Users\Player14109423498\AppData\Local\Temp\surefire1692011717572580997\surefirebooter-20250629100634147_3.jar"/>
    <property name="user.script" value=""/>
    <property name="sun.management.compiler" value="HotSpot 64-Bit Tiered Compilers"/>
    <property name="java.runtime.version" value="23.0.2+7"/>
    <property name="user.name" value="Player14109423498"/>
    <property name="stdout.encoding" value="UTF-8"/>
    <property name="path.separator" value=";"/>
    <property name="os.version" value="10.0"/>
    <property name="java.runtime.name" value="OpenJDK Runtime Environment"/>
    <property name="file.encoding" value="UTF-8"/>
    <property name="java.vm.name" value="OpenJDK 64-Bit Server VM"/>
    <property name="java.vendor.version" value="Zulu23.32+11-CA"/>
    <property name="maven.ext.class.path" value="C:\Program Files\Apache NetBeans\java\maven-nblib\netbeans-eventspy.jar"/>
    <property name="localRepository" value="C:\Users\Player14109423498\.m2\repository"/>
    <property name="java.vendor.url.bug" value="http://www.azul.com/support/"/>
    <property name="java.io.tmpdir" value="C:\Users\PLAYER~1\AppData\Local\Temp\"/>
    <property name="java.version" value="23.0.2"/>
    <property name="user.dir" value="C:\Users\Player14109423498\Documents\br.com.bicicletario_BicicletarioAp_jar_1.0-SNAPSHOT\br.com.bicicletario_BicicletarioAp_jar_1.0-SNAPSHOT2"/>
    <property name="os.arch" value="amd64"/>
    <property name="java.vm.specification.name" value="Java Virtual Machine Specification"/>
    <property name="sun.os.patch.level" value=""/>
    <property name="native.encoding" value="UTF-8"/>
    <property name="java.library.path" value="C:\Program Files\Apache NetBeans\jdk\bin;C:\Windows\Sun\Java\bin;C:\Windows\system32;C:\Windows;C:\Program Files\Common Files\Oracle\Java\javapath;C:\Windows\system32;C:\Windows;C:\Windows\System32\Wbem;C:\Windows\System32\WindowsPowerShell\v1.0\;C:\Windows\System32\OpenSSH\;C:\Program Files\Git\cmd;C:\Users\Player14109423498\AppData\Local\Microsoft\WindowsApps;C:\Users\Player14109423498\AppData\Local\Programs\Microsoft VS Code\bin;C:\Users\Player14109423498\apache-maven-3.9.9-bin;C:\Users\Player14109423498\AppData\Local\GitHubDesktop\bin;."/>
    <property name="java.vm.info" value="mixed mode, sharing"/>
    <property name="stderr.encoding" value="UTF-8"/>
    <property name="java.vendor" value="Azul Systems, Inc."/>
    <property name="java.vm.version" value="23.0.2+7"/>
    <property name="sun.io.unicode.encoding" value="UnicodeLittle"/>
    <property name="java.class.version" value="67.0"/>
  </properties>
  <testcase name="testConexaoBancoDados" classname="br.com.bicicletario.bicicletarioap.TestaBicicletarioApJUnit" time="8.216">
    <system-out><![CDATA[10:06:45.595 [main] INFO  b.c.b.bicicletarioap.BicicletarioAp - Conexão com o banco de dados estabelecida com sucesso!
]]></system-out>
    <system-err><![CDATA[ERROR StatusLogger Log4j2 could not find a logging implementation. Please add log4j-core to the classpath. Using SimpleLogger to log to the console...
]]></system-err>
  </testcase>
</testsuite>